1530350064535	geckodriver	INFO	geckodriver 0.19.1
1530350064541	geckodriver	INFO	Listening on 127.0.0.1:50071
1530350064702	mozrunner::runner	INFO	Running command: "/usr/bin/firefox" "-marionette" "-profile" "/tmp/rust_mozprofile.A65Vry8Tdpkc"
1530350067360	Marionette	INFO	Listening on port 46159
1530350067439	Marionette	WARN	TLS certificate errors will be ignored for this session
1530350067747	addons.xpi	WARN	Exception running bootstrap method shutdown on activity-stream@mozilla.org: [Exception... "Component returned failure code: 0x80004005 (NS_ERROR_FAILURE) [nsIObserverService.removeObserver]"  nsresult: "0x80004005 (NS_ERROR_FAILURE)"  location: "JS frame :: resource://activity-stream/lib/SnippetsFeed.jsm :: uninit :: line 185"  data: no] Stack trace: uninit()@resource://activity-stream/lib/SnippetsFeed.jsm:185
onAction()@resource://activity-stream/lib/SnippetsFeed.jsm:201
_middleware/</<()@resource://activity-stream/lib/Store.jsm:49
Store/this[method]()@resource://activity-stream/lib/Store.jsm:28
uninit()@resource://activity-stream/lib/Store.jsm:151
uninit()@resource://activity-stream/lib/ActivityStream.jsm:300
uninit()@resource://gre/modules/addons/XPIProvider.jsm -> jar:file:///usr/lib/firefox/browser/features/activity-stream@mozilla.org.xpi!/bootstrap.js:73
shutdown()@resource://gre/modules/addons/XPIProvider.jsm -> jar:file:///usr/lib/firefox/browser/features/activity-stream@mozilla.org.xpi!/bootstrap.js:169
callBootstrapMethod()@resource://gre/modules/addons/XPIProvider.jsm:4436
observe()@resource://gre/modules/addons/XPIProvider.jsm:2287
GeckoDriver.prototype.quit()@driver.js:3300
despatch()@server.js:293
execute()@server.js:267
onPacket/<()@server.js:242
onPacket()@server.js:241
_onJSONObjectReady/<()@transport.js:500
[Child 12711, Chrome_ChildThread] WARNING: pipe error (18): Connection reset by peer: file /build/firefox-d34xn2/firefox-60.0.2+build1/ipc/chromium/src/chrome/common/ipc_channel_posix.cc, line 353
[Child 12711, Chrome_ChildThread] WARNING: pipe error (3): Connection reset by peer: file /build/firefox-d34xn2/firefox-60.0.2+build1/ipc/chromium/src/chrome/common/ipc_channel_posix.cc, line 353
1530350463301	geckodriver	INFO	geckodriver 0.19.1
1530350463307	geckodriver	INFO	Listening on 127.0.0.1:54373
1530350463463	mozrunner::runner	INFO	Running command: "/usr/bin/firefox" "-marionette" "-profile" "/tmp/rust_mozprofile.jVn6MEmdmJ27"
console.error: "Could not write session state file " (new Error("_initWorker called too early! Please read the session file from disk first.", "resource:///modules/sessionstore/SessionFile.jsm", 337)) "_initWorker/<@resource:///modules/sessionstore/SessionFile.jsm:337:15\n_initWorker@resource:///modules/sessionstore/SessionFile.jsm:330:12\n_postToWorker@resource:///modules/sessionstore/SessionFile.jsm:354:11\nwrite@resource:///modules/sessionstore/SessionFile.jsm:394:19\nwrite@resource:///modules/sessionstore/SessionFile.jsm:66:12\n_writeState@resource:///modules/sessionstore/SessionSaver.jsm:357:12\n_saveState@resource:///modules/sessionstore/SessionSaver.jsm:295:12\n_saveStateAsync@resource:///modules/sessionstore/SessionSaver.jsm:341:5\nsaveStateAsyncWhenIdle@resource:///modules/sessionstore/SessionSaver.jsm:192:9\n"
1530350474468	Marionette	INFO	Listening on port 36325
1530350474586	Marionette	WARN	TLS certificate errors will be ignored for this session
1530350475713	addons.xpi	WARN	Exception running bootstrap method shutdown on activity-stream@mozilla.org: [Exception... "Component returned failure code: 0x80004005 (NS_ERROR_FAILURE) [nsIObserverService.removeObserver]"  nsresult: "0x80004005 (NS_ERROR_FAILURE)"  location: "JS frame :: resource://activity-stream/lib/SnippetsFeed.jsm :: uninit :: line 185"  data: no] Stack trace: uninit()@resource://activity-stream/lib/SnippetsFeed.jsm:185
onAction()@resource://activity-stream/lib/SnippetsFeed.jsm:201
_middleware/</<()@resource://activity-stream/lib/Store.jsm:49
Store/this[method]()@resource://activity-stream/lib/Store.jsm:28
uninit()@resource://activity-stream/lib/Store.jsm:151
uninit()@resource://activity-stream/lib/ActivityStream.jsm:300
uninit()@resource://gre/modules/addons/XPIProvider.jsm -> jar:file:///usr/lib/firefox/browser/features/activity-stream@mozilla.org.xpi!/bootstrap.js:73
shutdown()@resource://gre/modules/addons/XPIProvider.jsm -> jar:file:///usr/lib/firefox/browser/features/activity-stream@mozilla.org.xpi!/bootstrap.js:169
callBootstrapMethod()@resource://gre/modules/addons/XPIProvider.jsm:4436
observe()@resource://gre/modules/addons/XPIProvider.jsm:2287
GeckoDriver.prototype.quit()@driver.js:3300
despatch()@server.js:293
execute()@server.js:267
onPacket/<()@server.js:242
onPacket()@server.js:241
_onJSONObjectReady/<()@transport.js:500
[Child 13207, Chrome_ChildThread] WARNING: pipe error (18): Connection reset by peer: file /build/firefox-d34xn2/firefox-60.0.2+build1/ipc/chromium/src/chrome/common/ipc_channel_posix.cc, line 353
1530350540750	geckodriver	INFO	geckodriver 0.19.1
1530350540755	geckodriver	INFO	Listening on 127.0.0.1:35893
1530350540917	mozrunner::runner	INFO	Running command: "/usr/bin/firefox" "-marionette" "-profile" "/tmp/rust_mozprofile.QTvz21pIXTIQ"
1530350543700	Marionette	INFO	Listening on port 41193
1530350543875	Marionette	WARN	TLS certificate errors will be ignored for this session
[Child 13453, Chrome_ChildThread] WARNING: pipe error: Broken pipe: file /build/firefox-d34xn2/firefox-60.0.2+build1/ipc/chromium/src/chrome/common/ipc_channel_posix.cc, line 709

###!!! [Child][RunMessage] Error: Channel error: cannot send/recv

[Child 13453, Chrome_ChildThread] WARNING: pipe error (22): Connection reset by peer: file /build/firefox-d34xn2/firefox-60.0.2+build1/ipc/chromium/src/chrome/common/ipc_channel_posix.cc, line 353
[Child 13453, Chrome_ChildThread] WARNING: pipe error (20): Connection reset by peer: file /build/firefox-d34xn2/firefox-60.0.2+build1/ipc/chromium/src/chrome/common/ipc_channel_posix.cc, line 353
[Child 13405, Chrome_ChildThread] WARNING: pipe error (23): Connection reset by peer: file /build/firefox-d34xn2/firefox-60.0.2+build1/ipc/chromium/src/chrome/common/ipc_channel_posix.cc, line 353
[Child 13453, Chrome_ChildThread] WARNING: pipe error (19): Connection reset by peer: file /build/firefox-d34xn2/firefox-60.0.2+build1/ipc/chromium/src/chrome/common/ipc_channel_posix.cc, line 353
[Child 13453, Chrome_ChildThread] WARNING: pipe error (18): Connection reset by peer: file /build/firefox-d34xn2/firefox-60.0.2+build1/ipc/chromium/src/chrome/common/ipc_channel_posix.cc, line 353
[Child 13453, Chrome_ChildThread] WARNING: pipe error (3): Connection reset by peer: file /build/firefox-d34xn2/firefox-60.0.2+build1/ipc/chromium/src/chrome/common/ipc_channel_posix.cc, line 353
1530415337494	geckodriver	INFO	geckodriver 0.19.1
1530415337500	geckodriver	INFO	Listening on 127.0.0.1:47053
1530415337675	mozrunner::runner	INFO	Running command: "/usr/bin/firefox" "-marionette" "-profile" "/tmp/rust_mozprofile.8u9FAqss1w8u"
1530415341329	Marionette	INFO	Listening on port 44495
1530415341744	Marionette	WARN	TLS certificate errors will be ignored for this session
1530415342930	addons.xpi	WARN	Exception running bootstrap method shutdown on activity-stream@mozilla.org: [Exception... "Component returned failure code: 0x80004005 (NS_ERROR_FAILURE) [nsIObserverService.removeObserver]"  nsresult: "0x80004005 (NS_ERROR_FAILURE)"  location: "JS frame :: resource://activity-stream/lib/SnippetsFeed.jsm :: uninit :: line 185"  data: no] Stack trace: uninit()@resource://activity-stream/lib/SnippetsFeed.jsm:185
onAction()@resource://activity-stream/lib/SnippetsFeed.jsm:201
_middleware/</<()@resource://activity-stream/lib/Store.jsm:49
Store/this[method]()@resource://activity-stream/lib/Store.jsm:28
uninit()@resource://activity-stream/lib/Store.jsm:151
uninit()@resource://activity-stream/lib/ActivityStream.jsm:300
uninit()@resource://gre/modules/addons/XPIProvider.jsm -> jar:file:///usr/lib/firefox/browser/features/activity-stream@mozilla.org.xpi!/bootstrap.js:73
shutdown()@resource://gre/modules/addons/XPIProvider.jsm -> jar:file:///usr/lib/firefox/browser/features/activity-stream@mozilla.org.xpi!/bootstrap.js:169
callBootstrapMethod()@resource://gre/modules/addons/XPIProvider.jsm:4436
observe()@resource://gre/modules/addons/XPIProvider.jsm:2287
GeckoDriver.prototype.quit()@driver.js:3300
despatch()@server.js:293
execute()@server.js:267
onPacket/<()@server.js:242
onPacket()@server.js:241
_onJSONObjectReady/<()@transport.js:500
[Child 3481, Chrome_ChildThread] WARNING: pipe error (3): Connection reset by peer: file /build/firefox-d34xn2/firefox-60.0.2+build1/ipc/chromium/src/chrome/common/ipc_channel_posix.cc, line 353
[Child 3446, Chrome_ChildThread] WARNING: pipe error (3): Connection reset by peer: file /build/firefox-d34xn2/firefox-60.0.2+build1/ipc/chromium/src/chrome/common/ipc_channel_posix.cc, line 353

###!!! [Child][MessageChannel] Error: (msgtype=0x2C00CC,name=PContent::Msg_GraphicsError) Channel error: cannot send/recv

[GFX1-]: Receive IPC close with reason=AbnormalShutdown
1530415391821	geckodriver	INFO	geckodriver 0.19.1
1530415391825	geckodriver	INFO	Listening on 127.0.0.1:39005
1530415392972	mozrunner::runner	INFO	Running command: "/usr/bin/firefox" "-marionette" "-profile" "/tmp/rust_mozprofile.4cGntgQ9m9Ql"
1530415395548	Marionette	INFO	Listening on port 40213
1530415395628	Marionette	WARN	TLS certificate errors will be ignored for this session
1530415396175	addons.xpi	WARN	Exception running bootstrap method shutdown on activity-stream@mozilla.org: [Exception... "Component returned failure code: 0x80004005 (NS_ERROR_FAILURE) [nsIObserverService.removeObserver]"  nsresult: "0x80004005 (NS_ERROR_FAILURE)"  location: "JS frame :: resource://activity-stream/lib/SnippetsFeed.jsm :: uninit :: line 185"  data: no] Stack trace: uninit()@resource://activity-stream/lib/SnippetsFeed.jsm:185
onAction()@resource://activity-stream/lib/SnippetsFeed.jsm:201
_middleware/</<()@resource://activity-stream/lib/Store.jsm:49
Store/this[method]()@resource://activity-stream/lib/Store.jsm:28
uninit()@resource://activity-stream/lib/Store.jsm:151
uninit()@resource://activity-stream/lib/ActivityStream.jsm:300
uninit()@resource://gre/modules/addons/XPIProvider.jsm -> jar:file:///usr/lib/firefox/browser/features/activity-stream@mozilla.org.xpi!/bootstrap.js:73
shutdown()@resource://gre/modules/addons/XPIProvider.jsm -> jar:file:///usr/lib/firefox/browser/features/activity-stream@mozilla.org.xpi!/bootstrap.js:169
callBootstrapMethod()@resource://gre/modules/addons/XPIProvider.jsm:4436
observe()@resource://gre/modules/addons/XPIProvider.jsm:2287
GeckoDriver.prototype.quit()@driver.js:3300
despatch()@server.js:293
execute()@server.js:267
onPacket/<()@server.js:242
onPacket()@server.js:241
_onJSONObjectReady/<()@transport.js:500
[Child 3631, Chrome_ChildThread] WARNING: pipe error (18): Connection reset by peer: file /build/firefox-d34xn2/firefox-60.0.2+build1/ipc/chromium/src/chrome/common/ipc_channel_posix.cc, line 353
[Child 3631, Chrome_ChildThread] WARNING: pipe error (3): Connection reset by peer: file /build/firefox-d34xn2/firefox-60.0.2+build1/ipc/chromium/src/chrome/common/ipc_channel_posix.cc, line 353
1530415628122	geckodriver	INFO	geckodriver 0.19.1
1530415628128	geckodriver	INFO	Listening on 127.0.0.1:41689
1530415629286	mozrunner::runner	INFO	Running command: "/usr/bin/firefox" "-marionette" "-profile" "/tmp/rust_mozprofile.JUSttT0ux3fO"
1530415641786	Marionette	INFO	Listening on port 33401
1530415641964	Marionette	WARN	TLS certificate errors will be ignored for this session
[Child 4006, Chrome_ChildThread] WARNING: pipe error (18): Connection reset by peer: file /build/firefox-d34xn2/firefox-60.0.2+build1/ipc/chromium/src/chrome/common/ipc_channel_posix.cc, line 353
1530416003342	geckodriver	INFO	geckodriver 0.19.1
1530416003347	geckodriver	INFO	Listening on 127.0.0.1:52881
1530416003503	mozrunner::runner	INFO	Running command: "/usr/bin/firefox" "-marionette" "-profile" "/tmp/rust_mozprofile.0i3PebuiCES1"
1530416010748	Marionette	INFO	Listening on port 40105
1530416011757	Marionette	WARN	TLS certificate errors will be ignored for this session
1530416246817	geckodriver	INFO	geckodriver 0.19.1
1530416246822	geckodriver	INFO	Listening on 127.0.0.1:49761
1530416246967	mozrunner::runner	INFO	Running command: "/usr/bin/firefox" "-marionette" "-profile" "/tmp/rust_mozprofile.Nr3bKGlDQ0V9"
1530416254128	Marionette	INFO	Listening on port 39971
1530416254416	Marionette	WARN	TLS certificate errors will be ignored for this session
[Child 4794, Chrome_ChildThread] WARNING: pipe error (18): Connection reset by peer: file /build/firefox-d34xn2/firefox-60.0.2+build1/ipc/chromium/src/chrome/common/ipc_channel_posix.cc, line 353
1530416819389	geckodriver	INFO	geckodriver 0.19.1
1530416819392	geckodriver	INFO	Listening on 127.0.0.1:60075
1530416819554	mozrunner::runner	INFO	Running command: "/usr/bin/firefox" "-marionette" "-profile" "/tmp/rust_mozprofile.dznNP75k0sMh"
1530416828073	Marionette	INFO	Listening on port 43973
1530416828389	Marionette	WARN	TLS certificate errors will be ignored for this session
[Child 5146, Chrome_ChildThread] WARNING: pipe error (18): Connection reset by peer: file /build/firefox-d34xn2/firefox-60.0.2+build1/ipc/chromium/src/chrome/common/ipc_channel_posix.cc, line 353
1530416862732	geckodriver	INFO	geckodriver 0.19.1
1530416862738	geckodriver	INFO	Listening on 127.0.0.1:41133
1530416862920	mozrunner::runner	INFO	Running command: "/usr/bin/firefox" "-marionette" "-profile" "/tmp/rust_mozprofile.6UtmEpjmJSVV"
1530416866580	Marionette	INFO	Listening on port 37119
1530416867105	Marionette	WARN	TLS certificate errors will be ignored for this session
[Child 5324, Chrome_ChildThread] WARNING: pipe error (34): Connection reset by peer: file /build/firefox-d34xn2/firefox-60.0.2+build1/ipc/chromium/src/chrome/common/ipc_channel_posix.cc, line 353
[Child 5324, Chrome_ChildThread] WARNING: pipe error (18): Connection reset by peer: file /build/firefox-d34xn2/firefox-60.0.2+build1/ipc/chromium/src/chrome/common/ipc_channel_posix.cc, line 353
[Child 5324, Chrome_ChildThread] WARNING: pipe error (3): Connection reset by peer: file /build/firefox-d34xn2/firefox-60.0.2+build1/ipc/chromium/src/chrome/common/ipc_channel_posix.cc, line 353
1530416946078	geckodriver	INFO	geckodriver 0.19.1
1530416946083	geckodriver	INFO	Listening on 127.0.0.1:48755
1530416946244	mozrunner::runner	INFO	Running command: "/usr/bin/firefox" "-marionette" "-profile" "/tmp/rust_mozprofile.kUOrkpoG2hGv"
1530416948845	Marionette	INFO	Listening on port 45941
1530416948875	Marionette	WARN	TLS certificate errors will be ignored for this session
[Child 5509, Chrome_ChildThread] WARNING: pipe error (20): Connection reset by peer: file /build/firefox-d34xn2/firefox-60.0.2+build1/ipc/chromium/src/chrome/common/ipc_channel_posix.cc, line 353
1530417106883	geckodriver	INFO	geckodriver 0.19.1
1530417106891	geckodriver	INFO	Listening on 127.0.0.1:42791
1530417107043	mozrunner::runner	INFO	Running command: "/usr/bin/firefox" "-marionette" "-profile" "/tmp/rust_mozprofile.2KhNe4WicRWx"
1530417109444	Marionette	INFO	Listening on port 37917
1530417109486	Marionette	WARN	TLS certificate errors will be ignored for this session
[Child 5725, Chrome_ChildThread] WARNING: pipe error (18): Connection reset by peer: file /build/firefox-d34xn2/firefox-60.0.2+build1/ipc/chromium/src/chrome/common/ipc_channel_posix.cc, line 353
[Child 5725, Chrome_ChildThread] WARNING: pipe error (3): Connection reset by peer: file /build/firefox-d34xn2/firefox-60.0.2+build1/ipc/chromium/src/chrome/common/ipc_channel_posix.cc, line 353
1530417148562	geckodriver	INFO	geckodriver 0.19.1
1530417148570	geckodriver	INFO	Listening on 127.0.0.1:51647
1530417148735	mozrunner::runner	INFO	Running command: "/usr/bin/firefox" "-marionette" "-profile" "/tmp/rust_mozprofile.fCNx5lz7chAl"
1530417151582	Marionette	INFO	Listening on port 40637
1530417151736	Marionette	WARN	TLS certificate errors will be ignored for this session
[Child 5900, Chrome_ChildThread] WARNING: pipe error (20): Connection reset by peer: file /build/firefox-d34xn2/firefox-60.0.2+build1/ipc/chromium/src/chrome/common/ipc_channel_posix.cc, line 353
1530417220789	geckodriver	INFO	geckodriver 0.19.1
1530417220797	geckodriver	INFO	Listening on 127.0.0.1:38083
1530417220960	mozrunner::runner	INFO	Running command: "/usr/bin/firefox" "-marionette" "-profile" "/tmp/rust_mozprofile.ZxDjCkiqhoEV"
1530417223634	Marionette	INFO	Listening on port 35121
1530417223738	Marionette	WARN	TLS certificate errors will be ignored for this session
[Child 6081, Chrome_ChildThread] WARNING: pipe error (20): Connection reset by peer: file /build/firefox-d34xn2/firefox-60.0.2+build1/ipc/chromium/src/chrome/common/ipc_channel_posix.cc, line 353
[Child 6081, Chrome_ChildThread] WARNING: pipe error (3): Connection reset by peer: file /build/firefox-d34xn2/firefox-60.0.2+build1/ipc/chromium/src/chrome/common/ipc_channel_posix.cc, line 353
1530417641141	geckodriver	INFO	geckodriver 0.19.1
1530417641145	geckodriver	INFO	Listening on 127.0.0.1:57253
1530417641307	mozrunner::runner	INFO	Running command: "/usr/bin/firefox" "-marionette" "-profile" "/tmp/rust_mozprofile.8hrm1FoWJTkR"
1530417649504	Marionette	INFO	Listening on port 33071
1530417649657	Marionette	WARN	TLS certificate errors will be ignored for this session
[Child 6386, Chrome_ChildThread] WARNING: pipe error (18): Connection reset by peer: file /build/firefox-d34xn2/firefox-60.0.2+build1/ipc/chromium/src/chrome/common/ipc_channel_posix.cc, line 353
1530417902866	geckodriver	INFO	geckodriver 0.19.1
1530417902871	geckodriver	INFO	Listening on 127.0.0.1:47177
1530417903039	mozrunner::runner	INFO	Running command: "/usr/bin/firefox" "-marionette" "-profile" "/tmp/rust_mozprofile.mGSvUc89u7SK"
1530417909728	Marionette	INFO	Listening on port 45085
1530417909812	Marionette	WARN	TLS certificate errors will be ignored for this session
1530418012392	geckodriver	INFO	geckodriver 0.19.1
1530418012397	geckodriver	INFO	Listening on 127.0.0.1:47889
1530418012556	mozrunner::runner	INFO	Running command: "/usr/bin/firefox" "-marionette" "-profile" "/tmp/rust_mozprofile.MVOInZSSHnbg"
1530418017501	Marionette	INFO	Listening on port 43433
1530418017547	Marionette	WARN	TLS certificate errors will be ignored for this session
1530418260845	geckodriver	INFO	geckodriver 0.19.1
1530418260850	geckodriver	INFO	Listening on 127.0.0.1:47435
1530418261007	mozrunner::runner	INFO	Running command: "/usr/bin/firefox" "-marionette" "-profile" "/tmp/rust_mozprofile.cqKW4zSBUrVJ"
1530418264739	Marionette	INFO	Listening on port 44405
1530418264856	Marionette	WARN	TLS certificate errors will be ignored for this session
1530418360328	geckodriver	INFO	geckodriver 0.19.1
1530418360333	geckodriver	INFO	Listening on 127.0.0.1:35489
1530418360538	mozrunner::runner	INFO	Running command: "/usr/bin/firefox" "-marionette" "-profile" "/tmp/rust_mozprofile.Q4CGM9mdYgb9"
1530418363805	Marionette	INFO	Listening on port 32957
1530418364039	Marionette	WARN	TLS certificate errors will be ignored for this session
1530418433399	geckodriver	INFO	geckodriver 0.19.1
1530418433405	geckodriver	INFO	Listening on 127.0.0.1:50111
1530418433560	mozrunner::runner	INFO	Running command: "/usr/bin/firefox" "-marionette" "-profile" "/tmp/rust_mozprofile.vKxbLBZDQkzr"
1530418436846	Marionette	INFO	Listening on port 46369
1530418436921	Marionette	WARN	TLS certificate errors will be ignored for this session
[GFX1-]: Receive IPC close with reason=AbnormalShutdown
[Child 7463, Chrome_ChildThread] WARNING: pipe error (3): Connection reset by peer: file /build/firefox-d34xn2/firefox-60.0.2+build1/ipc/chromium/src/chrome/common/ipc_channel_posix.cc, line 353
1530418685553	geckodriver	INFO	geckodriver 0.19.1
1530418685561	geckodriver	INFO	Listening on 127.0.0.1:52761
1530418685722	mozrunner::runner	INFO	Running command: "/usr/bin/firefox" "-marionette" "-profile" "/tmp/rust_mozprofile.zKcu76khL65x"
1530418688539	Marionette	INFO	Listening on port 39115
1530418688603	Marionette	WARN	TLS certificate errors will be ignored for this session
[Child 7711, Chrome_ChildThread] WARNING: pipe error (18): Connection reset by peer: file /build/firefox-d34xn2/firefox-60.0.2+build1/ipc/chromium/src/chrome/common/ipc_channel_posix.cc, line 353
[Child 7711, Chrome_ChildThread] WARNING: pipe error (3): Connection reset by peer: file /build/firefox-d34xn2/firefox-60.0.2+build1/ipc/chromium/src/chrome/common/ipc_channel_posix.cc, line 353

###!!! [Child][MessageChannel] Error: (msgtype=0x2C00CC,name=PContent::Msg_GraphicsError) Channel error: cannot send/recv

[GFX1-]: Receive IPC close with reason=AbnormalShutdown
1530877035160	geckodriver	INFO	geckodriver 0.19.1
1530877035169	geckodriver	INFO	Listening on 127.0.0.1:41711
1530877036294	mozrunner::runner	INFO	Running command: "/usr/bin/firefox" "-marionette" "-profile" "/tmp/rust_mozprofile.QkDDmWZI1MGA"
1530877045043	Marionette	INFO	Listening on port 39415
1530877045843	Marionette	WARN	TLS certificate errors will be ignored for this session
1530877047620	addons.xpi	WARN	Exception running bootstrap method shutdown on activity-stream@mozilla.org: [Exception... "Component returned failure code: 0x80004005 (NS_ERROR_FAILURE) [nsIObserverService.removeObserver]"  nsresult: "0x80004005 (NS_ERROR_FAILURE)"  location: "JS frame :: resource://activity-stream/lib/TelemetryFeed.jsm :: uninit :: line 493"  data: no] Stack trace: uninit()@resource://activity-stream/lib/TelemetryFeed.jsm:493
onAction()@resource://activity-stream/lib/TelemetryFeed.jsm:451
_middleware/</<()@resource://activity-stream/lib/Store.jsm:51
Store/this[method]()@resource://activity-stream/lib/Store.jsm:29
uninit()@resource://activity-stream/lib/Store.jsm:166
uninit()@resource://activity-stream/lib/ActivityStream.jsm:318
uninit()@resource://gre/modules/addons/XPIProvider.jsm -> jar:file:///usr/lib/firefox/browser/features/activity-stream@mozilla.org.xpi!/bootstrap.js:79
shutdown()@resource://gre/modules/addons/XPIProvider.jsm -> jar:file:///usr/lib/firefox/browser/features/activity-stream@mozilla.org.xpi!/bootstrap.js:187
callBootstrapMethod()@resource://gre/modules/addons/XPIProvider.jsm:2757
observe()@resource://gre/modules/addons/XPIProvider.jsm:1672
GeckoDriver.prototype.quit()@driver.js:3282
despatch()@server.js:294
execute()@server.js:268
onPacket/<()@server.js:243
onPacket()@server.js:242
_onJSONObjectReady/<()@transport.js:500
[Child 4489, Chrome_ChildThread] WARNING: pipe error (21): Connection reset by peer: file /build/firefox-QrvFEH/firefox-61.0+build3/ipc/chromium/src/chrome/common/ipc_channel_posix.cc, line 353
[Child 4561, Chrome_ChildThread] WARNING: pipe error (3): Connection reset by peer: file /build/firefox-QrvFEH/firefox-61.0+build3/ipc/chromium/src/chrome/common/ipc_channel_posix.cc, line 353
1530877102528	geckodriver	INFO	geckodriver 0.19.1
1530877102532	geckodriver	INFO	Listening on 127.0.0.1:43861
1530877102685	mozrunner::runner	INFO	Running command: "/usr/bin/firefox" "-marionette" "-profile" "/tmp/rust_mozprofile.U3yBHWOULanF"
1530877105287	Marionette	INFO	Listening on port 41745
1530877105366	Marionette	WARN	TLS certificate errors will be ignored for this session
[Child 4758, Chrome_ChildThread] WARNING: pipe error (19): Connection reset by peer: file /build/firefox-QrvFEH/firefox-61.0+build3/ipc/chromium/src/chrome/common/ipc_channel_posix.cc, line 353
[Child 4758, Chrome_ChildThread] WARNING: pipe error (3): Connection reset by peer: file /build/firefox-QrvFEH/firefox-61.0+build3/ipc/chromium/src/chrome/common/ipc_channel_posix.cc, line 353
1530877117140	geckodriver	INFO	geckodriver 0.19.1
1530877117147	geckodriver	INFO	Listening on 127.0.0.1:52761
1530877118261	mozrunner::runner	INFO	Running command: "/usr/bin/firefox" "-marionette" "-profile" "/tmp/rust_mozprofile.Rm7oK8VQhbMk"
1530877120621	Marionette	INFO	Listening on port 41953
1530877120689	Marionette	WARN	TLS certificate errors will be ignored for this session
1530877824707	geckodriver	INFO	geckodriver 0.19.1
1530877824717	geckodriver	INFO	Listening on 127.0.0.1:59627
1530877824971	mozrunner::runner	INFO	Running command: "/usr/bin/firefox" "-marionette" "-profile" "/tmp/rust_mozprofile.dMrDHVwtMHlf"
1530877839500	Marionette	INFO	Listening on port 38893
1530877841103	Marionette	WARN	TLS certificate errors will be ignored for this session
[Child 5731, Chrome_ChildThread] WARNING: pipe error (19): Connection reset by peer: file /build/firefox-QrvFEH/firefox-61.0+build3/ipc/chromium/src/chrome/common/ipc_channel_posix.cc, line 353
[Child 5731, Chrome_ChildThread] WARNING: pipe error (3): Connection reset by peer: file /build/firefox-QrvFEH/firefox-61.0+build3/ipc/chromium/src/chrome/common/ipc_channel_posix.cc, line 353
1530877890259	geckodriver	INFO	geckodriver 0.19.1
1530877890264	geckodriver	INFO	Listening on 127.0.0.1:55563
1530877890425	mozrunner::runner	INFO	Running command: "/usr/bin/firefox" "-marionette" "-profile" "/tmp/rust_mozprofile.xnIdDBpesq1g"
1530877894286	Marionette	INFO	Listening on port 45289
1530877894818	Marionette	WARN	TLS certificate errors will be ignored for this session
1530878003322	geckodriver	INFO	geckodriver 0.19.1
1530878003329	geckodriver	INFO	Listening on 127.0.0.1:50997
1530878003491	mozrunner::runner	INFO	Running command: "/usr/bin/firefox" "-marionette" "-profile" "/tmp/rust_mozprofile.GFkgS3t9H3FF"
1530878006902	Marionette	INFO	Listening on port 45389
1530878007114	Marionette	WARN	TLS certificate errors will be ignored for this session
1530878330008	geckodriver	INFO	geckodriver 0.19.1
1530878330016	geckodriver	INFO	Listening on 127.0.0.1:35829
1530878330178	mozrunner::runner	INFO	Running command: "/usr/bin/firefox" "-marionette" "-profile" "/tmp/rust_mozprofile.lyTWF11iQXKc"
1530878334125	Marionette	INFO	Listening on port 36595
1530878335281	Marionette	WARN	TLS certificate errors will be ignored for this session
1530878362056	geckodriver	INFO	geckodriver 0.19.1
1530878362063	geckodriver	INFO	Listening on 127.0.0.1:35143
1530878362220	mozrunner::runner	INFO	Running command: "/usr/bin/firefox" "-marionette" "-profile" "/tmp/rust_mozprofile.eYb85tL7Acyn"
1530878365522	Marionette	INFO	Listening on port 42123
1530878365634	Marionette	WARN	TLS certificate errors will be ignored for this session
1530878696161	geckodriver	INFO	geckodriver 0.19.1
1530878696170	geckodriver	INFO	Listening on 127.0.0.1:48215
1530878696341	mozrunner::runner	INFO	Running command: "/usr/bin/firefox" "-marionette" "-profile" "/tmp/rust_mozprofile.Mu4YmdpmJEcr"
1530878699761	Marionette	INFO	Listening on port 32987
1530878699865	Marionette	WARN	TLS certificate errors will be ignored for this session
[Child 7325, Chrome_ChildThread] WARNING: pipe error (19): Connection reset by peer: file /build/firefox-QrvFEH/firefox-61.0+build3/ipc/chromium/src/chrome/common/ipc_channel_posix.cc, line 353
[Child 7325, Chrome_ChildThread] WARNING: pipe error (3): Connection reset by peer: file /build/firefox-QrvFEH/firefox-61.0+build3/ipc/chromium/src/chrome/common/ipc_channel_posix.cc, line 353
1530879041869	geckodriver	INFO	geckodriver 0.19.1
1530879041874	geckodriver	INFO	Listening on 127.0.0.1:38197
1530879042030	mozrunner::runner	INFO	Running command: "/usr/bin/firefox" "-marionette" "-profile" "/tmp/rust_mozprofile.f8zhELDAhMDw"
1530879045189	Marionette	INFO	Listening on port 44269
1530879045346	Marionette	WARN	TLS certificate errors will be ignored for this session
1530879076686	geckodriver	INFO	geckodriver 0.19.1
1530879076695	geckodriver	INFO	Listening on 127.0.0.1:60595
1530879076941	mozrunner::runner	INFO	Running command: "/usr/bin/firefox" "-marionette" "-profile" "/tmp/rust_mozprofile.4OkaAIkameZy"
1530879079835	Marionette	INFO	Listening on port 42617
1530879080281	Marionette	WARN	TLS certificate errors will be ignored for this session
1531747006516	geckodriver	INFO	geckodriver 0.19.1
1531747006522	geckodriver	INFO	Listening on 127.0.0.1:47325
1531747006696	mozrunner::runner	INFO	Running command: "/usr/bin/firefox" "-marionette" "-profile" "/tmp/rust_mozprofile.m97ji3k9SrVK"
1531747016562	Marionette	INFO	Listening on port 43039
1531747016670	Marionette	WARN	TLS certificate errors will be ignored for this session
1531747112853	geckodriver	INFO	geckodriver 0.19.1
1531747112858	geckodriver	INFO	Listening on 127.0.0.1:35851
1531747113018	mozrunner::runner	INFO	Running command: "/usr/bin/firefox" "-marionette" "-profile" "/tmp/rust_mozprofile.qxk57lHPVXjL"
1531747116747	Marionette	INFO	Listening on port 38269
1531747116804	Marionette	WARN	TLS certificate errors will be ignored for this session
[Child 4720, Chrome_ChildThread] WARNING: pipe error (3): Connection reset by peer: file /build/firefox-QrvFEH/firefox-61.0+build3/ipc/chromium/src/chrome/common/ipc_channel_posix.cc, line 353
[Child 4821, Chrome_ChildThread] WARNING: pipe error (3): Connection reset by peer: file /build/firefox-QrvFEH/firefox-61.0+build3/ipc/chromium/src/chrome/common/ipc_channel_posix.cc, line 353
[GFX1-]: Receive IPC close with reason=AbnormalShutdown
[GFX1-]: Receive IPC close with reason=AbnormalShutdown
1531747165863	geckodriver	INFO	geckodriver 0.19.1
1531747165869	geckodriver	INFO	Listening on 127.0.0.1:56269
1531747166066	mozrunner::runner	INFO	Running command: "/usr/bin/firefox" "-marionette" "-profile" "/tmp/rust_mozprofile.ZpCUpGZHXAxz"
1531747169127	Marionette	INFO	Listening on port 41329
1531747169310	Marionette	WARN	TLS certificate errors will be ignored for this session
1531747708340	geckodriver	INFO	geckodriver 0.19.1
1531747708347	geckodriver	INFO	Listening on 127.0.0.1:39059
1531747708502	mozrunner::runner	INFO	Running command: "/usr/bin/firefox" "-marionette" "-profile" "/tmp/rust_mozprofile.QtT44GRfQZvu"
1531747716648	Marionette	INFO	Listening on port 42895
1531747716760	Marionette	WARN	TLS certificate errors will be ignored for this session
1531747811324	geckodriver	INFO	geckodriver 0.19.1
1531747811328	geckodriver	INFO	Listening on 127.0.0.1:51087
1531747811485	mozrunner::runner	INFO	Running command: "/usr/bin/firefox" "-marionette" "-profile" "/tmp/rust_mozprofile.tqUWQuujBI1z"
1531747815620	Marionette	INFO	Listening on port 33767
1531747815704	Marionette	WARN	TLS certificate errors will be ignored for this session
1531747954719	geckodriver	INFO	geckodriver 0.19.1
1531747954726	geckodriver	INFO	Listening on 127.0.0.1:35201
1531747955003	mozrunner::runner	INFO	Running command: "/usr/bin/firefox" "-marionette" "-profile" "/tmp/rust_mozprofile.KAUWixEtxrQG"
1531747958576	Marionette	INFO	Listening on port 42025
1531747958728	Marionette	WARN	TLS certificate errors will be ignored for this session
1531748114885	geckodriver	INFO	geckodriver 0.19.1
1531748114895	geckodriver	INFO	Listening on 127.0.0.1:50499
1531748115109	mozrunner::runner	INFO	Running command: "/usr/bin/firefox" "-marionette" "-profile" "/tmp/rust_mozprofile.nUP0xt66FunB"
1531748119608	Marionette	INFO	Listening on port 43717
1531748120355	Marionette	WARN	TLS certificate errors will be ignored for this session
1531748247218	geckodriver	INFO	geckodriver 0.19.1
1531748247221	geckodriver	INFO	Listening on 127.0.0.1:41459
1531748247378	mozrunner::runner	INFO	Running command: "/usr/bin/firefox" "-marionette" "-profile" "/tmp/rust_mozprofile.TuXKXdHDPSvx"
1531748262117	Marionette	INFO	Listening on port 38741
1531748262907	Marionette	WARN	TLS certificate errors will be ignored for this session
1531748916005	geckodriver	INFO	geckodriver 0.19.1
1531748916012	geckodriver	INFO	Listening on 127.0.0.1:38933
1531748916397	mozrunner::runner	INFO	Running command: "/usr/bin/firefox" "-marionette" "-profile" "/tmp/rust_mozprofile.MBvVcGCJ0yTd"
1531748932057	Marionette	INFO	Listening on port 44163
1531748932445	Marionette	WARN	TLS certificate errors will be ignored for this session
1531749065380	geckodriver	INFO	geckodriver 0.19.1
1531749065394	geckodriver	INFO	Listening on 127.0.0.1:38731
1531749065643	mozrunner::runner	INFO	Running command: "/usr/bin/firefox" "-marionette" "-profile" "/tmp/rust_mozprofile.VsqUBUMfFREM"
1531749078887	Marionette	INFO	Listening on port 35393
1531749079111	Marionette	WARN	TLS certificate errors will be ignored for this session
1531749491105	geckodriver	INFO	geckodriver 0.19.1
1531749491113	geckodriver	INFO	Listening on 127.0.0.1:41017
1531749492226	mozrunner::runner	INFO	Running command: "/usr/bin/firefox" "-marionette" "-profile" "/tmp/rust_mozprofile.8njdrnPgK0Ro"
1531749506415	Marionette	INFO	Listening on port 33367
1531749506554	Marionette	WARN	TLS certificate errors will be ignored for this session
1531750303378	geckodriver	INFO	geckodriver 0.19.1
1531750303385	geckodriver	INFO	Listening on 127.0.0.1:40577
1531750304610	mozrunner::runner	INFO	Running command: "/usr/bin/firefox" "-marionette" "-profile" "/tmp/rust_mozprofile.WAgRsd70vmF6"
1531750322952	Marionette	INFO	Listening on port 36433
1531750323190	Marionette	WARN	TLS certificate errors will be ignored for this session
1531750596767	geckodriver	INFO	geckodriver 0.19.1
1531750596777	geckodriver	INFO	Listening on 127.0.0.1:60253
1531750596942	mozrunner::runner	INFO	Running command: "/usr/bin/firefox" "-marionette" "-profile" "/tmp/rust_mozprofile.eI5hVjZXaVz1"
1531750608579	Marionette	INFO	Listening on port 35265
1531750609184	Marionette	WARN	TLS certificate errors will be ignored for this session
1531750941394	geckodriver	INFO	geckodriver 0.19.1
1531750941401	geckodriver	INFO	Listening on 127.0.0.1:35097
1531750941699	mozrunner::runner	INFO	Running command: "/usr/bin/firefox" "-marionette" "-profile" "/tmp/rust_mozprofile.YDNLgidFuV2d"
1531750953985	Marionette	INFO	Listening on port 45301
1531750954680	Marionette	WARN	TLS certificate errors will be ignored for this session
1531751189216	geckodriver	INFO	geckodriver 0.19.1
1531751189221	geckodriver	INFO	Listening on 127.0.0.1:59519
1531751189388	mozrunner::runner	INFO	Running command: "/usr/bin/firefox" "-marionette" "-profile" "/tmp/rust_mozprofile.cG3MFyOTb4cO"
1531751198269	Marionette	INFO	Listening on port 37987
1531751198492	Marionette	WARN	TLS certificate errors will be ignored for this session
1531751287761	geckodriver	INFO	geckodriver 0.19.1
1531751287766	geckodriver	INFO	Listening on 127.0.0.1:39995
1531751287919	mozrunner::runner	INFO	Running command: "/usr/bin/firefox" "-marionette" "-profile" "/tmp/rust_mozprofile.Y7Oaomw1FBPS"
1531751295598	Marionette	INFO	Listening on port 37915
1531751297275	Marionette	WARN	TLS certificate errors will be ignored for this session
1531751333882	geckodriver	INFO	geckodriver 0.19.1
1531751333887	geckodriver	INFO	Listening on 127.0.0.1:52509
1531751334033	mozrunner::runner	INFO	Running command: "/usr/bin/firefox" "-marionette" "-profile" "/tmp/rust_mozprofile.yElvuzKUVoXQ"
1531751342024	Marionette	INFO	Listening on port 39427
1531751342394	Marionette	WARN	TLS certificate errors will be ignored for this session
1531751427922	geckodriver	INFO	geckodriver 0.19.1
1531751427928	geckodriver	INFO	Listening on 127.0.0.1:46325
1531751428081	mozrunner::runner	INFO	Running command: "/usr/bin/firefox" "-marionette" "-profile" "/tmp/rust_mozprofile.T1djgp0T4F2x"
1531751434809	Marionette	INFO	Listening on port 42481
1531751435352	Marionette	WARN	TLS certificate errors will be ignored for this session
1531751700247	geckodriver	INFO	geckodriver 0.19.1
1531751700256	geckodriver	INFO	Listening on 127.0.0.1:56417
1531751700499	mozrunner::runner	INFO	Running command: "/usr/bin/firefox" "-marionette" "-profile" "/tmp/rust_mozprofile.4K71zrxuCgvw"
1531751713027	Marionette	INFO	Listening on port 33023
1531751713584	Marionette	WARN	TLS certificate errors will be ignored for this session
1531821978623	geckodriver	INFO	geckodriver 0.19.1
1531821978630	geckodriver	INFO	Listening on 127.0.0.1:34127
1531821979766	mozrunner::runner	INFO	Running command: "/usr/bin/firefox" "-marionette" "-profile" "/tmp/rust_mozprofile.xEyq4fHxkNXp"
1531821982583	Marionette	INFO	Listening on port 40185
1531821982645	Marionette	WARN	TLS certificate errors will be ignored for this session
[Child 4000, Chrome_ChildThread] WARNING: pipe error (19): Connection reset by peer: file /build/firefox-QrvFEH/firefox-61.0+build3/ipc/chromium/src/chrome/common/ipc_channel_posix.cc, line 353
1531822078566	geckodriver	INFO	geckodriver 0.19.1
1531822078571	geckodriver	INFO	Listening on 127.0.0.1:45577
1531822078702	mozrunner::runner	INFO	Running command: "/usr/bin/firefox" "-marionette" "-profile" "/tmp/rust_mozprofile.id8F0NKFLSJK"
1531822080901	Marionette	INFO	Listening on port 34977
1531822080939	Marionette	WARN	TLS certificate errors will be ignored for this session
[Child 4261, Chrome_ChildThread] WARNING: pipe error (35): Connection reset by peer: file /build/firefox-QrvFEH/firefox-61.0+build3/ipc/chromium/src/chrome/common/ipc_channel_posix.cc, line 353
[Child 4261, Chrome_ChildThread] WARNING: pipe error (19): Connection reset by peer: file /build/firefox-QrvFEH/firefox-61.0+build3/ipc/chromium/src/chrome/common/ipc_channel_posix.cc, line 353
[Child 4261, Chrome_ChildThread] WARNING: pipe error (3): Connection reset by peer: file /build/firefox-QrvFEH/firefox-61.0+build3/ipc/chromium/src/chrome/common/ipc_channel_posix.cc, line 353
1531822214636	geckodriver	INFO	geckodriver 0.19.1
1531822214641	geckodriver	INFO	Listening on 127.0.0.1:49657
1531822214932	mozrunner::runner	INFO	Running command: "/usr/bin/firefox" "-marionette" "-profile" "/tmp/rust_mozprofile.CWNTIADGqDtC"
1531822223249	Marionette	INFO	Listening on port 42657
1531822225035	Marionette	WARN	TLS certificate errors will be ignored for this session
1531822253590	geckodriver	INFO	geckodriver 0.19.1
1531822253594	geckodriver	INFO	Listening on 127.0.0.1:34215
1531822253790	mozrunner::runner	INFO	Running command: "/usr/bin/firefox" "-marionette" "-profile" "/tmp/rust_mozprofile.1N4Kvq3eVMWw"
1531822256772	Marionette	INFO	Listening on port 46489
1531822256861	Marionette	WARN	TLS certificate errors will be ignored for this session
[Child 5083, Chrome_ChildThread] WARNING: pipe error (3): Connection reset by peer: file /build/firefox-QrvFEH/firefox-61.0+build3/ipc/chromium/src/chrome/common/ipc_channel_posix.cc, line 353

###!!! [Child][MessageChannel] Error: (msgtype=0x2D00CD,name=PContent::Msg_GraphicsError) Channel error: cannot send/recv

[GFX1-]: Receive IPC close with reason=AbnormalShutdown
1531822378930	geckodriver	INFO	geckodriver 0.19.1
1531822378935	geckodriver	INFO	Listening on 127.0.0.1:58629
1531822379083	mozrunner::runner	INFO	Running command: "/usr/bin/firefox" "-marionette" "-profile" "/tmp/rust_mozprofile.7J3wNJqBli7y"
1531822382876	Marionette	INFO	Listening on port 33121
1531822383786	Marionette	WARN	TLS certificate errors will be ignored for this session
1531822402186	addons.productaddons	WARN	Failed downloading XML, status: 0, reason: error
1531822402193	addons.productaddons	WARN	Failed downloading via XHR, status: 0, reason: error
[Child 5396, Chrome_ChildThread] WARNING: pipe error (19): Connection reset by peer: file /build/firefox-QrvFEH/firefox-61.0+build3/ipc/chromium/src/chrome/common/ipc_channel_posix.cc, line 353
[Child 5396, Chrome_ChildThread] WARNING: pipe error (3): Connection reset by peer: file /build/firefox-QrvFEH/firefox-61.0+build3/ipc/chromium/src/chrome/common/ipc_channel_posix.cc, line 353
1531895671897	geckodriver	INFO	geckodriver 0.19.1
1531895671904	geckodriver	INFO	Listening on 127.0.0.1:46063
1531895673042	mozrunner::runner	INFO	Running command: "/usr/bin/firefox" "-marionette" "-profile" "/tmp/rust_mozprofile.0Y6qHAjtVGBc"
1531895684101	Marionette	INFO	Listening on port 38407
1531895685054	Marionette	WARN	TLS certificate errors will be ignored for this session
1531895826461	geckodriver	INFO	geckodriver 0.19.1
1531895826468	geckodriver	INFO	Listening on 127.0.0.1:56641
1531895826753	mozrunner::runner	INFO	Running command: "/usr/bin/firefox" "-marionette" "-profile" "/tmp/rust_mozprofile.qgMCJmDjlZT7"
1531895829377	Marionette	INFO	Listening on port 40671
1531895829546	Marionette	WARN	TLS certificate errors will be ignored for this session
[Child 3286, Chrome_ChildThread] WARNING: pipe error (19): Connection reset by peer: file /build/firefox-mWstsA/firefox-61.0.1+build1/ipc/chromium/src/chrome/common/ipc_channel_posix.cc, line 353
[Child 3286, Chrome_ChildThread] WARNING: pipe error (3): Connection reset by peer: file /build/firefox-mWstsA/firefox-61.0.1+build1/ipc/chromium/src/chrome/common/ipc_channel_posix.cc, line 353
[GFX1-]: Receive IPC close with reason=AbnormalShutdown
